[debug] [2024-07-22T12:14:12.151Z] ----------------------------------------------------------------------
[debug] [2024-07-22T12:14:12.155Z] Command:       C:\Program Files\nodejs\node.exe C:\Users\ajayk\AppData\Roaming\npm\node_modules\firebase-tools\lib\bin\firebase.js init hosting
[debug] [2024-07-22T12:14:12.155Z] CLI Version:   13.13.3
[debug] [2024-07-22T12:14:12.155Z] Platform:      win32
[debug] [2024-07-22T12:14:12.155Z] Node Version:  v20.15.1
[debug] [2024-07-22T12:14:12.156Z] Time:          Mon Jul 22 2024 17:44:12 GMT+0530 (India Standard Time)
[debug] [2024-07-22T12:14:12.156Z] ----------------------------------------------------------------------
[debug] 
[debug] [2024-07-22T12:14:12.223Z] > command requires scopes: ["email","openid","https://www.googleapis.com/auth/cloudplatformprojects.readonly","https://www.googleapis.com/auth/firebase","https://www.googleapis.com/auth/cloud-platform"]
[debug] [2024-07-22T12:14:12.224Z] > authorizing via signed-in user (ajaykumarnew1@gmail.com)
[info] 
     ######## #### ########  ######## ########     ###     ######  ########
     ##        ##  ##     ## ##       ##     ##  ##   ##  ##       ##
     ######    ##  ########  ######   ########  #########  ######  ######
     ##        ##  ##    ##  ##       ##     ## ##     ##       ## ##
     ##       #### ##     ## ######## ########  ##     ##  ######  ########

You're about to initialize a Firebase project in this directory:

  C:\Users\ajayk\OneDrive\Desktop\public

Before we get started, keep in mind:

  * You are initializing within an existing Firebase project directory

[info] 
=== Project Setup
[info] 
[info] First, let's associate this project directory with a Firebase project.
[info] You can create multiple project aliases by running firebase use --add, 
[info] but for now we'll just set up a default project.
[info] 
[debug] [2024-07-22T12:14:19.066Z] Using project from CLI flag: currency-77ee6
[debug] [2024-07-22T12:14:19.070Z] >>> [apiv2][query] GET https://firebase.googleapis.com/v1beta1/projects/currency-77ee6 [none]
[debug] [2024-07-22T12:14:19.706Z] <<< [apiv2][status] GET https://firebase.googleapis.com/v1beta1/projects/currency-77ee6 200
[debug] [2024-07-22T12:14:19.706Z] <<< [apiv2][body] GET https://firebase.googleapis.com/v1beta1/projects/currency-77ee6 {"projectId":"currency-77ee6","projectNumber":"530581804760","displayName":"currency","name":"projects/currency-77ee6","resources":{"hostingSite":"currency-77ee6"},"state":"ACTIVE","etag":"1_750a0954-01ed-4e4e-81c0-9e0768d41f78"}
[info] i  Using project currency-77ee6 (currency) 
[info] 
=== Hosting Setup
[debug] [2024-07-22T12:14:19.714Z] >>> [apiv2][query] GET https://firebase.googleapis.com/v1beta1/projects/currency-77ee6 [none]
[debug] [2024-07-22T12:14:20.062Z] <<< [apiv2][status] GET https://firebase.googleapis.com/v1beta1/projects/currency-77ee6 200
[debug] [2024-07-22T12:14:20.063Z] <<< [apiv2][body] GET https://firebase.googleapis.com/v1beta1/projects/currency-77ee6 {"projectId":"currency-77ee6","projectNumber":"530581804760","displayName":"currency","name":"projects/currency-77ee6","resources":{"hostingSite":"currency-77ee6"},"state":"ACTIVE","etag":"1_750a0954-01ed-4e4e-81c0-9e0768d41f78"}
[info] 
[info] Your public directory is the folder (relative to your project directory) that
[info] will contain Hosting assets to be uploaded with firebase deploy. If you
[info] have a build process for your assets, use your build's output directory.
[info] 
[info] i  Skipping write of public/404.html 
[debug] [2024-07-22T12:17:04.219Z] >>> [apiv2][query] GET https://www.gstatic.com/firebasejs/releases.json [none]
[debug] [2024-07-22T12:17:04.349Z] <<< [apiv2][status] GET https://www.gstatic.com/firebasejs/releases.json 200
[debug] [2024-07-22T12:17:04.349Z] <<< [apiv2][body] GET https://www.gstatic.com/firebasejs/releases.json {"current":{"version":"10.12.4","browserURL":"https://www.gstatic.com/firebasejs/10.12.4/firebase.js","packageURL":"https://www.gstatic.com/firebasejs/10.12.4/firebase.tgz"},"live":{"version":"10.12","browserURL":"https://www.gstatic.com/firebasejs/live/10.12/firebase.js","packageURL":"https://www.gstatic.com/firebasejs/live/10.12/firebase.tgz"},"components":{"analytics":"https://www.gstatic.com/firebasejs/10.12.4/firebase-analytics.js","app":"https://www.gstatic.com/firebasejs/10.12.4/firebase-app.js","app-check":"https://www.gstatic.com/firebasejs/10.12.4/firebase-app-check.js","auth":"https://www.gstatic.com/firebasejs/10.12.4/firebase-auth.js","auth/cordova":"https://www.gstatic.com/firebasejs/10.12.4/firebase-auth/cordova.js","auth/web-extension":"https://www.gstatic.com/firebasejs/10.12.4/firebase-auth/web-extension.js","functions":"https://www.gstatic.com/firebasejs/10.12.4/firebase-functions.js","firestore":"https://www.gstatic.com/firebasejs/10.12.4/firebase-firestore.js","firestore/lite":"https://www.gstatic.com/firebasejs/10.12.4/firebase-firestore/lite.js","installations":"https://www.gstatic.com/firebasejs/10.12.4/firebase-installations.js","storage":"https://www.gstatic.com/firebasejs/10.12.4/firebase-storage.js","performance":"https://www.gstatic.com/firebasejs/10.12.4/firebase-performance.js","remote-config":"https://www.gstatic.com/firebasejs/10.12.4/firebase-remote-config.js","messaging":"https://www.gstatic.com/firebasejs/10.12.4/firebase-messaging.js","messaging/sw":"https://www.gstatic.com/firebasejs/10.12.4/firebase-messaging/sw.js","database":"https://www.gstatic.com/firebasejs/10.12.4/firebase-database.js","vertexai-preview":"https://www.gstatic.com/firebasejs/10.12.4/firebase-vertexai-preview.js","firestore.memory":"https://www.gstatic.com/firebasejs/10.12.4/firebase-firestore.memory.js"}}
[info] i  Skipping write of public/index.html 
[info] 
[info] i  Writing configuration info to firebase.json... 
[info] i  Writing project information to .firebaserc... 
[info] i  Writing gitignore file to .gitignore... 
[info] 
[info] +  Firebase initialization complete! 
